2012-04-14T16:46:50+02:00 CRIT (2): Exception: Unable to Connect to tcp://10.255.0.67:80. Error #60: Operation timed out
	Trace: #0 /Users/floke/NetBeansProjects/unwired_neu/admin/unwiredaa/library/Zend/Http/Client.php(1005): Zend_Http_Client_Adapter_Socket->connect('10.255.0.67', 80, false)
#1 /Users/floke/NetBeansProjects/unwired_neu/admin/unwiredaa/application/modules/default/services/Chilli.php(81): Zend_Http_Client->request()
#2 /Users/floke/NetBeansProjects/unwired_neu/admin/unwiredaa/application/modules/default/controllers/IndexController.php(458): Default_Service_Chilli->getInterfaceStatistics('total')
#3 /Users/floke/NetBeansProjects/unwired_neu/admin/unwiredaa/library/Zend/Controller/Action.php(516): Default_IndexController->statsAction()
#4 /Users/floke/NetBeansProjects/unwired_neu/admin/unwiredaa/library/Zend/Controller/Dispatcher/Standard.php(295): Zend_Controller_Action->dispatch('statsAction')
#5 /Users/floke/NetBeansProjects/unwired_neu/admin/unwiredaa/library/Zend/Controller/Front.php(954): Zend_Controller_Dispatcher_Standard->dispatch(Object(Zend_Controller_Request_Http), Object(Zend_Controller_Response_Http))
#6 /Users/floke/NetBeansProjects/unwired_neu/admin/unwiredaa/library/Zend/Application/Bootstrap/Bootstrap.php(97): Zend_Controller_Front->dispatch()
#7 /Users/floke/NetBeansProjects/unwired_neu/admin/unwiredaa/library/Zend/Application.php(366): Zend_Application_Bootstrap_Bootstrap->run()
#8 /Users/floke/NetBeansProjects/unwired_neu/admin/unwiredaa/public/index.php(54): Zend_Application->run()
#9 {main}
	Request: array (
  'controller' => 'index',
  'action' => 'stats',
  'interface' => 'total',
  'module' => 'default',
)
2012-04-14T16:51:07+02:00 CRIT (2): Exception: Unable to Connect to tcp://10.255.0.67:80. Error #60: Operation timed out
	Trace: #0 /Users/floke/NetBeansProjects/unwired_neu/admin/unwiredaa/library/Zend/Http/Client.php(1005): Zend_Http_Client_Adapter_Socket->connect('10.255.0.67', 80, false)
#1 /Users/floke/NetBeansProjects/unwired_neu/admin/unwiredaa/application/modules/default/services/Chilli.php(81): Zend_Http_Client->request()
#2 /Users/floke/NetBeansProjects/unwired_neu/admin/unwiredaa/application/modules/default/controllers/IndexController.php(458): Default_Service_Chilli->getInterfaceStatistics('total')
#3 /Users/floke/NetBeansProjects/unwired_neu/admin/unwiredaa/library/Zend/Controller/Action.php(516): Default_IndexController->statsAction()
#4 /Users/floke/NetBeansProjects/unwired_neu/admin/unwiredaa/library/Zend/Controller/Dispatcher/Standard.php(295): Zend_Controller_Action->dispatch('statsAction')
#5 /Users/floke/NetBeansProjects/unwired_neu/admin/unwiredaa/library/Zend/Controller/Front.php(954): Zend_Controller_Dispatcher_Standard->dispatch(Object(Zend_Controller_Request_Http), Object(Zend_Controller_Response_Http))
#6 /Users/floke/NetBeansProjects/unwired_neu/admin/unwiredaa/library/Zend/Application/Bootstrap/Bootstrap.php(97): Zend_Controller_Front->dispatch()
#7 /Users/floke/NetBeansProjects/unwired_neu/admin/unwiredaa/library/Zend/Application.php(366): Zend_Application_Bootstrap_Bootstrap->run()
#8 /Users/floke/NetBeansProjects/unwired_neu/admin/unwiredaa/public/index.php(54): Zend_Application->run()
#9 {main}
	Request: array (
  'controller' => 'index',
  'action' => 'stats',
  'interface' => 'total',
  'module' => 'default',
)
2012-04-14T16:51:25+02:00 CRIT (2): Exception: Unable to Connect to tcp://10.255.0.67:80. Error #60: Operation timed out
	Trace: #0 /Users/floke/NetBeansProjects/unwired_neu/admin/unwiredaa/library/Zend/Http/Client.php(1005): Zend_Http_Client_Adapter_Socket->connect('10.255.0.67', 80, false)
#1 /Users/floke/NetBeansProjects/unwired_neu/admin/unwiredaa/application/modules/default/services/Chilli.php(81): Zend_Http_Client->request()
#2 /Users/floke/NetBeansProjects/unwired_neu/admin/unwiredaa/application/modules/default/controllers/IndexController.php(458): Default_Service_Chilli->getInterfaceStatistics('total')
#3 /Users/floke/NetBeansProjects/unwired_neu/admin/unwiredaa/library/Zend/Controller/Action.php(516): Default_IndexController->statsAction()
#4 /Users/floke/NetBeansProjects/unwired_neu/admin/unwiredaa/library/Zend/Controller/Dispatcher/Standard.php(295): Zend_Controller_Action->dispatch('statsAction')
#5 /Users/floke/NetBeansProjects/unwired_neu/admin/unwiredaa/library/Zend/Controller/Front.php(954): Zend_Controller_Dispatcher_Standard->dispatch(Object(Zend_Controller_Request_Http), Object(Zend_Controller_Response_Http))
#6 /Users/floke/NetBeansProjects/unwired_neu/admin/unwiredaa/library/Zend/Application/Bootstrap/Bootstrap.php(97): Zend_Controller_Front->dispatch()
#7 /Users/floke/NetBeansProjects/unwired_neu/admin/unwiredaa/library/Zend/Application.php(366): Zend_Application_Bootstrap_Bootstrap->run()
#8 /Users/floke/NetBeansProjects/unwired_neu/admin/unwiredaa/public/index.php(54): Zend_Application->run()
#9 {main}
	Request: array (
  'controller' => 'index',
  'action' => 'stats',
  'interface' => 'total',
  'module' => 'default',
)
2012-04-14T16:52:44+02:00 CRIT (2): Exception: Unable to Connect to tcp://10.255.0.67:80. Error #60: Operation timed out
	Trace: #0 /Users/floke/NetBeansProjects/unwired_neu/admin/unwiredaa/library/Zend/Http/Client.php(1005): Zend_Http_Client_Adapter_Socket->connect('10.255.0.67', 80, false)
#1 /Users/floke/NetBeansProjects/unwired_neu/admin/unwiredaa/application/modules/default/services/Chilli.php(81): Zend_Http_Client->request()
#2 /Users/floke/NetBeansProjects/unwired_neu/admin/unwiredaa/application/modules/default/controllers/IndexController.php(458): Default_Service_Chilli->getInterfaceStatistics('total')
#3 /Users/floke/NetBeansProjects/unwired_neu/admin/unwiredaa/library/Zend/Controller/Action.php(516): Default_IndexController->statsAction()
#4 /Users/floke/NetBeansProjects/unwired_neu/admin/unwiredaa/library/Zend/Controller/Dispatcher/Standard.php(295): Zend_Controller_Action->dispatch('statsAction')
#5 /Users/floke/NetBeansProjects/unwired_neu/admin/unwiredaa/library/Zend/Controller/Front.php(954): Zend_Controller_Dispatcher_Standard->dispatch(Object(Zend_Controller_Request_Http), Object(Zend_Controller_Response_Http))
#6 /Users/floke/NetBeansProjects/unwired_neu/admin/unwiredaa/library/Zend/Application/Bootstrap/Bootstrap.php(97): Zend_Controller_Front->dispatch()
#7 /Users/floke/NetBeansProjects/unwired_neu/admin/unwiredaa/library/Zend/Application.php(366): Zend_Application_Bootstrap_Bootstrap->run()
#8 /Users/floke/NetBeansProjects/unwired_neu/admin/unwiredaa/public/index.php(54): Zend_Application->run()
#9 {main}
	Request: array (
  'controller' => 'index',
  'action' => 'stats',
  'interface' => 'total',
  'module' => 'default',
)
